<?xml version="1.0" encoding="UTF-8"?>
<testng-results skipped="0" failed="0" total="1" passed="1">
  <reporter-output>
  </reporter-output>
  <suite name="Suite" duration-ms="7554" started-at="2015-07-26T13:14:42Z" finished-at="2015-07-26T13:14:50Z">
    <groups>
    </groups>
    <test name="Test" duration-ms="7554" started-at="2015-07-26T13:14:42Z" finished-at="2015-07-26T13:14:50Z">
      <class name="com.TestTitle">
        <test-method status="PASS" signature="beforeTest()[pri:0, instance:com.TestTitle@6e551f11]" name="beforeTest" is-config="true" duration-ms="5009" started-at="2015-07-26T20:14:42Z" finished-at="2015-07-26T20:14:47Z">
          <reporter-output>
          </reporter-output>
        </test-method> <!-- beforeTest -->
        <test-method status="PASS" signature="testEasy()[pri:0, instance:com.TestTitle@6e551f11]" name="testEasy" duration-ms="2343" started-at="2015-07-26T20:14:47Z" finished-at="2015-07-26T20:14:50Z">
          <reporter-output>
          </reporter-output>
        </test-method> <!-- testEasy -->
        <test-method status="PASS" signature="afterTest()[pri:0, instance:com.TestTitle@6e551f11]" name="afterTest" is-config="true" duration-ms="191" started-at="2015-07-26T20:14:50Z" finished-at="2015-07-26T20:14:50Z">
          <reporter-output>
          </reporter-output>
        </test-method> <!-- afterTest -->
      </class> <!-- com.TestTitle -->
    </test> <!-- Test -->
  </suite> <!-- Suite -->
</testng-results>
